<?xml version="1.0" encoding="UTF-8"?>
<testsuite xmlns:xsi="http://www.w3.org/2001/XMLSchema-instance" xsi:noNamespaceSchemaLocation="https://maven.apache.org/surefire/maven-surefire-plugin/xsd/surefire-test-report-3.0.xsd" version="3.0" name="TestSuite" time="1.357" tests="11" errors="0" skipped="0" failures="3">
  <properties>
    <property name="java.specification.version" value="21"/>
    <property name="sun.cpu.isalist" value="amd64"/>
    <property name="sun.jnu.encoding" value="Cp1252"/>
    <property name="java.class.path" value="C:\Users\AlexeiD\IdeaProjects\ahoo-yet\ahoo-yet-lib\target\test-classes;C:\Users\AlexeiD\IdeaProjects\ahoo-yet\ahoo-yet-lib\target\classes;C:\Users\AlexeiD\.m2\repository\org\testng\testng\7.9.0\testng-7.9.0.jar;C:\Users\AlexeiD\.m2\repository\com\beust\jcommander\1.82\jcommander-1.82.jar;C:\Users\AlexeiD\.m2\repository\org\webjars\jquery\3.7.1\jquery-3.7.1.jar;C:\Users\AlexeiD\.m2\repository\org\slf4j\slf4j-api\2.0.13\slf4j-api-2.0.13.jar;C:\Users\AlexeiD\.m2\repository\org\slf4j\slf4j-simple\2.0.13\slf4j-simple-2.0.13.jar;C:\Users\AlexeiD\.m2\repository\javax\xml\bind\jaxb-api\2.3.1\jaxb-api-2.3.1.jar;C:\Users\AlexeiD\.m2\repository\javax\activation\javax.activation-api\1.2.0\javax.activation-api-1.2.0.jar;C:\Users\AlexeiD\.m2\repository\junit\junit\3.8.1\junit-3.8.1.jar;C:\Users\AlexeiD\.m2\repository\org\postgresql\postgresql\42.7.3\postgresql-42.7.3.jar;C:\Users\AlexeiD\.m2\repository\org\checkerframework\checker-qual\3.42.0\checker-qual-3.42.0.jar;"/>
    <property name="java.vm.vendor" value="Amazon.com Inc."/>
    <property name="sun.arch.data.model" value="64"/>
    <property name="user.variant" value=""/>
    <property name="java.vendor.url" value="https://aws.amazon.com/corretto/"/>
    <property name="user.timezone" value="Europe/Chisinau"/>
    <property name="os.name" value="Windows 10"/>
    <property name="java.vm.specification.version" value="21"/>
    <property name="sun.java.launcher" value="SUN_STANDARD"/>
    <property name="user.country" value="US"/>
    <property name="sun.boot.library.path" value="C:\Users\AlexeiD\.jdks\corretto-21.0.3\bin"/>
    <property name="sun.java.command" value="C:\Users\AlexeiD\AppData\Local\Temp\surefire5984462265588245435\surefirebooter-20240612230402308_3.jar C:\Users\AlexeiD\AppData\Local\Temp\surefire5984462265588245435 2024-06-12T23-04-02_021-jvmRun1 surefire-20240612230402308_1tmp surefire_0-20240612230402308_2tmp"/>
    <property name="jdk.debug" value="release"/>
    <property name="surefire.test.class.path" value="C:\Users\AlexeiD\IdeaProjects\ahoo-yet\ahoo-yet-lib\target\test-classes;C:\Users\AlexeiD\IdeaProjects\ahoo-yet\ahoo-yet-lib\target\classes;C:\Users\AlexeiD\.m2\repository\org\testng\testng\7.9.0\testng-7.9.0.jar;C:\Users\AlexeiD\.m2\repository\com\beust\jcommander\1.82\jcommander-1.82.jar;C:\Users\AlexeiD\.m2\repository\org\webjars\jquery\3.7.1\jquery-3.7.1.jar;C:\Users\AlexeiD\.m2\repository\org\slf4j\slf4j-api\2.0.13\slf4j-api-2.0.13.jar;C:\Users\AlexeiD\.m2\repository\org\slf4j\slf4j-simple\2.0.13\slf4j-simple-2.0.13.jar;C:\Users\AlexeiD\.m2\repository\javax\xml\bind\jaxb-api\2.3.1\jaxb-api-2.3.1.jar;C:\Users\AlexeiD\.m2\repository\javax\activation\javax.activation-api\1.2.0\javax.activation-api-1.2.0.jar;C:\Users\AlexeiD\.m2\repository\junit\junit\3.8.1\junit-3.8.1.jar;C:\Users\AlexeiD\.m2\repository\org\postgresql\postgresql\42.7.3\postgresql-42.7.3.jar;C:\Users\AlexeiD\.m2\repository\org\checkerframework\checker-qual\3.42.0\checker-qual-3.42.0.jar;"/>
    <property name="sun.cpu.endian" value="little"/>
    <property name="user.home" value="C:\Users\AlexeiD"/>
    <property name="user.language" value="en"/>
    <property name="java.specification.vendor" value="Oracle Corporation"/>
    <property name="java.version.date" value="2024-04-16"/>
    <property name="java.home" value="C:\Users\AlexeiD\.jdks\corretto-21.0.3"/>
    <property name="file.separator" value="\"/>
    <property name="basedir" value="C:\Users\AlexeiD\IdeaProjects\ahoo-yet\ahoo-yet-lib"/>
    <property name="java.vm.compressedOopsMode" value="Zero based"/>
    <property name="line.separator" value="&#10;"/>
    <property name="java.vm.specification.vendor" value="Oracle Corporation"/>
    <property name="java.specification.name" value="Java Platform API Specification"/>
    <property name="surefire.real.class.path" value="C:\Users\AlexeiD\AppData\Local\Temp\surefire5984462265588245435\surefirebooter-20240612230402308_3.jar"/>
    <property name="user.script" value=""/>
    <property name="sun.management.compiler" value="HotSpot 64-Bit Tiered Compilers"/>
    <property name="java.runtime.version" value="21.0.3+9-LTS"/>
    <property name="user.name" value="AlexeiD"/>
    <property name="stdout.encoding" value="Cp1252"/>
    <property name="path.separator" value=";"/>
    <property name="os.version" value="10.0"/>
    <property name="java.runtime.name" value="OpenJDK Runtime Environment"/>
    <property name="file.encoding" value="UTF-8"/>
    <property name="java.vm.name" value="OpenJDK 64-Bit Server VM"/>
    <property name="java.vendor.version" value="Corretto-21.0.3.9.1"/>
    <property name="localRepository" value="C:\Users\AlexeiD\.m2\repository"/>
    <property name="java.vendor.url.bug" value="https://github.com/corretto/corretto-21/issues/"/>
    <property name="java.io.tmpdir" value="C:\Users\AlexeiD\AppData\Local\Temp\"/>
    <property name="idea.version" value="2024.1"/>
    <property name="java.version" value="21.0.3"/>
    <property name="user.dir" value="C:\Users\AlexeiD\IdeaProjects\ahoo-yet\ahoo-yet-lib"/>
    <property name="os.arch" value="amd64"/>
    <property name="java.vm.specification.name" value="Java Virtual Machine Specification"/>
    <property name="sun.os.patch.level" value=""/>
    <property name="native.encoding" value="Cp1252"/>
    <property name="java.library.path" value="C:\Users\AlexeiD\.jdks\corretto-21.0.3\bin;C:\Windows\Sun\Java\bin;C:\Windows\system32;C:\Windows;C:\Users\AlexeiD\.jdks\corretto-21.0.3\\bin;C:\Program Files\Git\bin\;C:\Users\AlexeiD\Downloads\apache-maven-3.9.7-bin\apache-maven-3.9.7\bin;;C:\Program Files\Docker\Docker\resources\bin;C:\Users\AlexeiD\AppData\Local\Programs\Python\Python312\Scripts\;C:\Users\AlexeiD\AppData\Local\Programs\Python\Python312\;C:\Users\AlexeiD\AppData\Local\Microsoft\WindowsApps;C:\Users\AlexeiD\AppData\Local\Programs\Microsoft VS Code\bin;C:\Program Files\JetBrains\IntelliJ IDEA Community Edition 2024.1\bin;;."/>
    <property name="java.vm.info" value="mixed mode, sharing"/>
    <property name="stderr.encoding" value="Cp1252"/>
    <property name="java.vendor" value="Amazon.com Inc."/>
    <property name="java.vm.version" value="21.0.3+9-LTS"/>
    <property name="sun.io.unicode.encoding" value="UnicodeLittle"/>
    <property name="java.class.version" value="65.0"/>
  </properties>
  <testcase name="testNegativeID" classname="student.examples.DeviceIdentificationTest" time="0.007">
    <system-out><![CDATA[...
... TestNG 7.9.0 by CÃ©dric Beust (cedric@beust.com)
...

Success of test cases and its details are : testNegativeID
]]></system-out>
  </testcase>
  <testcase name="testOverDischarge" classname="student.examples.HasBatteryTest" time="0.004">
    <system-out><![CDATA[Success of test cases and its details are : testOverDischarge
]]></system-out>
  </testcase>
  <testcase name="testOvercharge" classname="student.examples.HasBatteryTest" time="0.005">
    <system-out><![CDATA[Success of test cases and its details are : testOvercharge
]]></system-out>
  </testcase>
  <testcase name="testIsOn" classname="student.examples.HasPowerStatesTest" time="0.018">
    <system-out><![CDATA[Success of test cases and its details are : testIsOn
]]></system-out>
  </testcase>
  <testcase name="testSwitchOn" classname="student.examples.HasPowerStatesTest" time="0.002">
    <system-out><![CDATA[Success of test cases and its details are : testSwitchOn
]]></system-out>
  </testcase>
  <testcase name="testSwitchoff" classname="student.examples.HasPowerStatesTest" time="0.003">
    <system-out><![CDATA[Success of test cases and its details are : testSwitchoff
]]></system-out>
  </testcase>
  <testcase name="testChargeXML[[Ljava.lang.Object;@ed7f8b4](1)" classname="student.examples.IterativeChargeTest" time="0.011">
    <failure message="For input string: &quot;o&quot;" type="java.lang.NumberFormatException"><![CDATA[java.lang.NumberFormatException: For input string: "o"
	at java.base/java.lang.NumberFormatException.forInputString(NumberFormatException.java:67)
	at java.base/java.lang.Integer.parseInt(Integer.java:662)
	at java.base/java.lang.Integer.parseInt(Integer.java:778)
	at student.examples.IterativeChargeTest.testChargeXML(IterativeChargeTest.java:73)
	at java.base/jdk.internal.reflect.DirectMethodHandleAccessor.invoke(DirectMethodHandleAccessor.java:103)
	at java.base/java.lang.reflect.Method.invoke(Method.java:580)
	at org.testng.internal.invokers.MethodInvocationHelper.invokeMethod(MethodInvocationHelper.java:139)
	at org.testng.internal.invokers.TestInvoker.invokeMethod(TestInvoker.java:664)
	at org.testng.internal.invokers.TestInvoker.invokeTestMethod(TestInvoker.java:228)
	at org.testng.internal.invokers.MethodRunner.runInSequence(MethodRunner.java:63)
	at org.testng.internal.invokers.TestInvoker$MethodInvocationAgent.invoke(TestInvoker.java:961)
	at org.testng.internal.invokers.TestInvoker.invokeTestMethods(TestInvoker.java:201)
	at org.testng.internal.invokers.TestMethodWorker.invokeTestMethods(TestMethodWorker.java:148)
	at org.testng.internal.invokers.TestMethodWorker.run(TestMethodWorker.java:128)
	at java.base/java.util.ArrayList.forEach(ArrayList.java:1596)
	at org.testng.TestRunner.privateRun(TestRunner.java:819)
	at org.testng.TestRunner.run(TestRunner.java:619)
	at org.testng.SuiteRunner.runTest(SuiteRunner.java:443)
	at org.testng.SuiteRunner.runSequentially(SuiteRunner.java:437)
	at org.testng.SuiteRunner.privateRun(SuiteRunner.java:397)
	at org.testng.SuiteRunner.run(SuiteRunner.java:336)
	at org.testng.SuiteRunnerWorker.runSuite(SuiteRunnerWorker.java:52)
	at org.testng.SuiteRunnerWorker.run(SuiteRunnerWorker.java:95)
	at org.testng.TestNG.runSuitesSequentially(TestNG.java:1301)
	at org.testng.TestNG.runSuitesLocally(TestNG.java:1228)
	at org.testng.TestNG.runSuites(TestNG.java:1134)
	at org.testng.TestNG.run(TestNG.java:1101)
	at org.apache.maven.surefire.testng.TestNGExecutor.run(TestNGExecutor.java:308)
	at org.apache.maven.surefire.testng.TestNGXmlTestSuite.execute(TestNGXmlTestSuite.java:71)
	at org.apache.maven.surefire.testng.TestNGProvider.invoke(TestNGProvider.java:113)
	at org.apache.maven.surefire.booter.ForkedBooter.runSuitesInProcess(ForkedBooter.java:385)
	at org.apache.maven.surefire.booter.ForkedBooter.execute(ForkedBooter.java:162)
	at org.apache.maven.surefire.booter.ForkedBooter.run(ForkedBooter.java:507)
	at org.apache.maven.surefire.booter.ForkedBooter.main(ForkedBooter.java:495)
]]></failure>
    <system-out><![CDATA[Failure of test cases and its details are : testChargeXML
]]></system-out>
    <system-err><![CDATA[Warning: validation was turned on but an org.xml.sax.ErrorHandler was not set, which is probably not what is desired.  Parser will use a default ErrorHandler to print the first 0  errors.  Please call the setErrorHandler method to fix this.
Error: URI=file:/C:/Users/AlexeiD/IdeaProjects/ahoo-yet/ahoo-yet-lib/src/test/resources/charge-range-test.xml Line=3: Element type "charge-range-test" must be declared.
Error: URI=file:/C:/Users/AlexeiD/IdeaProjects/ahoo-yet/ahoo-yet-lib/src/test/resources/charge-range-test.xml Line=4: Element type "entry" must be declared.
Error: URI=file:/C:/Users/AlexeiD/IdeaProjects/ahoo-yet/ahoo-yet-lib/src/test/resources/charge-range-test.xml Line=5: Element type "input" must be declared.
Error: URI=file:/C:/Users/AlexeiD/IdeaProjects/ahoo-yet/ahoo-yet-lib/src/test/resources/charge-range-test.xml Line=6: Element type "expected" must be declared.
Error: URI=file:/C:/Users/AlexeiD/IdeaProjects/ahoo-yet/ahoo-yet-lib/src/test/resources/charge-range-test.xml Line=8: Element type "entry" must be declared.
Error: URI=file:/C:/Users/AlexeiD/IdeaProjects/ahoo-yet/ahoo-yet-lib/src/test/resources/charge-range-test.xml Line=9: Element type "input" must be declared.
Error: URI=file:/C:/Users/AlexeiD/IdeaProjects/ahoo-yet/ahoo-yet-lib/src/test/resources/charge-range-test.xml Line=10: Element type "expected" must be declared.
Error: URI=file:/C:/Users/AlexeiD/IdeaProjects/ahoo-yet/ahoo-yet-lib/src/test/resources/charge-range-test.xml Line=12: Element type "entry" must be declared.
Error: URI=file:/C:/Users/AlexeiD/IdeaProjects/ahoo-yet/ahoo-yet-lib/src/test/resources/charge-range-test.xml Line=13: Element type "input" must be declared.
Error: URI=file:/C:/Users/AlexeiD/IdeaProjects/ahoo-yet/ahoo-yet-lib/src/test/resources/charge-range-test.xml Line=14: Element type "expected" must be declared.
]]></system-err>
  </testcase>
  <testcase name="testChargeXML[[Ljava.lang.Object;@7a675056](2)" classname="student.examples.IterativeChargeTest" time="0.009">
    <failure message="expected [0] but found [5]" type="java.lang.AssertionError"><![CDATA[java.lang.AssertionError: expected [0] but found [5]
	at org.testng.Assert.fail(Assert.java:111)
	at org.testng.Assert.failNotEquals(Assert.java:1578)
	at org.testng.Assert.assertEqualsImpl(Assert.java:150)
	at org.testng.Assert.assertEquals(Assert.java:132)
	at org.testng.Assert.assertEquals(Assert.java:1419)
	at org.testng.Assert.assertEquals(Assert.java:1383)
	at org.testng.Assert.assertEquals(Assert.java:1429)
	at student.examples.IterativeChargeTest.testChargeXML(IterativeChargeTest.java:73)
	at java.base/jdk.internal.reflect.DirectMethodHandleAccessor.invoke(DirectMethodHandleAccessor.java:103)
	at java.base/java.lang.reflect.Method.invoke(Method.java:580)
	at org.testng.internal.invokers.MethodInvocationHelper.invokeMethod(MethodInvocationHelper.java:139)
	at org.testng.internal.invokers.TestInvoker.invokeMethod(TestInvoker.java:664)
	at org.testng.internal.invokers.TestInvoker.invokeTestMethod(TestInvoker.java:228)
	at org.testng.internal.invokers.MethodRunner.runInSequence(MethodRunner.java:63)
	at org.testng.internal.invokers.TestInvoker$MethodInvocationAgent.invoke(TestInvoker.java:961)
	at org.testng.internal.invokers.TestInvoker.invokeTestMethods(TestInvoker.java:201)
	at org.testng.internal.invokers.TestMethodWorker.invokeTestMethods(TestMethodWorker.java:148)
	at org.testng.internal.invokers.TestMethodWorker.run(TestMethodWorker.java:128)
	at java.base/java.util.ArrayList.forEach(ArrayList.java:1596)
	at org.testng.TestRunner.privateRun(TestRunner.java:819)
	at org.testng.TestRunner.run(TestRunner.java:619)
	at org.testng.SuiteRunner.runTest(SuiteRunner.java:443)
	at org.testng.SuiteRunner.runSequentially(SuiteRunner.java:437)
	at org.testng.SuiteRunner.privateRun(SuiteRunner.java:397)
	at org.testng.SuiteRunner.run(SuiteRunner.java:336)
	at org.testng.SuiteRunnerWorker.runSuite(SuiteRunnerWorker.java:52)
	at org.testng.SuiteRunnerWorker.run(SuiteRunnerWorker.java:95)
	at org.testng.TestNG.runSuitesSequentially(TestNG.java:1301)
	at org.testng.TestNG.runSuitesLocally(TestNG.java:1228)
	at org.testng.TestNG.runSuites(TestNG.java:1134)
	at org.testng.TestNG.run(TestNG.java:1101)
	at org.apache.maven.surefire.testng.TestNGExecutor.run(TestNGExecutor.java:308)
	at org.apache.maven.surefire.testng.TestNGXmlTestSuite.execute(TestNGXmlTestSuite.java:71)
	at org.apache.maven.surefire.testng.TestNGProvider.invoke(TestNGProvider.java:113)
	at org.apache.maven.surefire.booter.ForkedBooter.runSuitesInProcess(ForkedBooter.java:385)
	at org.apache.maven.surefire.booter.ForkedBooter.execute(ForkedBooter.java:162)
	at org.apache.maven.surefire.booter.ForkedBooter.run(ForkedBooter.java:507)
	at org.apache.maven.surefire.booter.ForkedBooter.main(ForkedBooter.java:495)
]]></failure>
    <system-out><![CDATA[Failure of test cases and its details are : testChargeXML
]]></system-out>
  </testcase>
  <testcase name="testChargeXML[[Ljava.lang.Object;@17a7f733](3)" classname="student.examples.IterativeChargeTest" time="0.008">
    <failure message="expected [5] but found [10]" type="java.lang.AssertionError"><![CDATA[java.lang.AssertionError: expected [5] but found [10]
	at org.testng.Assert.fail(Assert.java:111)
	at org.testng.Assert.failNotEquals(Assert.java:1578)
	at org.testng.Assert.assertEqualsImpl(Assert.java:150)
	at org.testng.Assert.assertEquals(Assert.java:132)
	at org.testng.Assert.assertEquals(Assert.java:1419)
	at org.testng.Assert.assertEquals(Assert.java:1383)
	at org.testng.Assert.assertEquals(Assert.java:1429)
	at student.examples.IterativeChargeTest.testChargeXML(IterativeChargeTest.java:73)
	at java.base/jdk.internal.reflect.DirectMethodHandleAccessor.invoke(DirectMethodHandleAccessor.java:103)
	at java.base/java.lang.reflect.Method.invoke(Method.java:580)
	at org.testng.internal.invokers.MethodInvocationHelper.invokeMethod(MethodInvocationHelper.java:139)
	at org.testng.internal.invokers.TestInvoker.invokeMethod(TestInvoker.java:664)
	at org.testng.internal.invokers.TestInvoker.invokeTestMethod(TestInvoker.java:228)
	at org.testng.internal.invokers.MethodRunner.runInSequence(MethodRunner.java:63)
	at org.testng.internal.invokers.TestInvoker$MethodInvocationAgent.invoke(TestInvoker.java:961)
	at org.testng.internal.invokers.TestInvoker.invokeTestMethods(TestInvoker.java:201)
	at org.testng.internal.invokers.TestMethodWorker.invokeTestMethods(TestMethodWorker.java:148)
	at org.testng.internal.invokers.TestMethodWorker.run(TestMethodWorker.java:128)
	at java.base/java.util.ArrayList.forEach(ArrayList.java:1596)
	at org.testng.TestRunner.privateRun(TestRunner.java:819)
	at org.testng.TestRunner.run(TestRunner.java:619)
	at org.testng.SuiteRunner.runTest(SuiteRunner.java:443)
	at org.testng.SuiteRunner.runSequentially(SuiteRunner.java:437)
	at org.testng.SuiteRunner.privateRun(SuiteRunner.java:397)
	at org.testng.SuiteRunner.run(SuiteRunner.java:336)
	at org.testng.SuiteRunnerWorker.runSuite(SuiteRunnerWorker.java:52)
	at org.testng.SuiteRunnerWorker.run(SuiteRunnerWorker.java:95)
	at org.testng.TestNG.runSuitesSequentially(TestNG.java:1301)
	at org.testng.TestNG.runSuitesLocally(TestNG.java:1228)
	at org.testng.TestNG.runSuites(TestNG.java:1134)
	at org.testng.TestNG.run(TestNG.java:1101)
	at org.apache.maven.surefire.testng.TestNGExecutor.run(TestNGExecutor.java:308)
	at org.apache.maven.surefire.testng.TestNGXmlTestSuite.execute(TestNGXmlTestSuite.java:71)
	at org.apache.maven.surefire.testng.TestNGProvider.invoke(TestNGProvider.java:113)
	at org.apache.maven.surefire.booter.ForkedBooter.runSuitesInProcess(ForkedBooter.java:385)
	at org.apache.maven.surefire.booter.ForkedBooter.execute(ForkedBooter.java:162)
	at org.apache.maven.surefire.booter.ForkedBooter.run(ForkedBooter.java:507)
	at org.apache.maven.surefire.booter.ForkedBooter.main(ForkedBooter.java:495)
]]></failure>
    <system-out><![CDATA[Failure of test cases and its details are : testChargeXML
]]></system-out>
  </testcase>
  <testcase name="testChargeXML[[Ljava.lang.Object;@11fc564b](4)" classname="student.examples.IterativeChargeTest" time="0.007">
    <system-out><![CDATA[Success of test cases and its details are : testChargeXML
]]></system-out>
  </testcase>
  <testcase name="testChargeXML[[Ljava.lang.Object;@6236eb5f](5)" classname="student.examples.IterativeChargeTest" time="0.002">
    <system-out><![CDATA[Success of test cases and its details are : testChargeXML
]]></system-out>
  </testcase>
</testsuite>