<?xml version="1.0" encoding="UTF-8"?>
<testng-results ignored="0" total="5" passed="4" failed="1" skipped="0">
  <reporter-output>
  </reporter-output>
  <suite started-at="2024-06-17T10:46:12 EEST" name="Surefire suite" finished-at="2024-06-17T10:46:13 EEST" duration-ms="800">
    <groups>
    </groups>
    <test started-at="2024-06-17T10:46:12 EEST" name="Surefire test" finished-at="2024-06-17T10:46:13 EEST" duration-ms="800">
      <class name="student.examples.PasswordProcessTest">
        <test-method is-config="true" signature="setUp()[pri:0, instance:student.examples.PasswordProcessTest@5276e6b0]" started-at="2024-06-17T10:46:12 EEST" name="setUp" finished-at="2024-06-17T10:46:12 EEST" duration-ms="14" status="PASS">
          <reporter-output>
          </reporter-output>
        </test-method> <!-- setUp -->
        <test-method signature="testPasswordStrength(java.lang.String)[pri:0, instance:student.examples.PasswordProcessTest@5276e6b0]" started-at="2024-06-17T10:46:13 EEST" name="testPasswordStrength" data-provider="providePwds" finished-at="2024-06-17T10:46:13 EEST" duration-ms="6" status="PASS">
          <params>
            <param index="0">
              <value>
                <![CDATA[Inshallah123@]]>
              </value>
            </param>
          </params>
          <reporter-output>
          </reporter-output>
        </test-method> <!-- testPasswordStrength -->
        <test-method signature="testPasswordStrength(java.lang.String)[pri:0, instance:student.examples.PasswordProcessTest@5276e6b0]" started-at="2024-06-17T10:46:13 EEST" name="testPasswordStrength" data-provider="providePwds" finished-at="2024-06-17T10:46:13 EEST" duration-ms="1" status="PASS">
          <params>
            <param index="0">
              <value>
                <![CDATA[122JewJitsu&6!]]>
              </value>
            </param>
          </params>
          <reporter-output>
          </reporter-output>
        </test-method> <!-- testPasswordStrength -->
        <test-method signature="testPasswordStrength(java.lang.String)[pri:0, instance:student.examples.PasswordProcessTest@5276e6b0]" started-at="2024-06-17T10:46:13 EEST" name="testPasswordStrength" data-provider="providePwds" finished-at="2024-06-17T10:46:13 EEST" duration-ms="1" status="PASS">
          <params>
            <param index="0">
              <value>
                <![CDATA[TwinTowers11%]]>
              </value>
            </param>
          </params>
          <reporter-output>
          </reporter-output>
        </test-method> <!-- testPasswordStrength -->
        <test-method signature="testPasswordStrength(java.lang.String)[pri:0, instance:student.examples.PasswordProcessTest@5276e6b0]" started-at="2024-06-17T10:46:13 EEST" name="testPasswordStrength" data-provider="providePwds" finished-at="2024-06-17T10:46:13 EEST" duration-ms="1" status="PASS">
          <params>
            <param index="0">
              <value>
                <![CDATA[TwinTowers11!]]>
              </value>
            </param>
          </params>
          <reporter-output>
          </reporter-output>
        </test-method> <!-- testPasswordStrength -->
        <test-method signature="testPasswordStrength(java.lang.String)[pri:0, instance:student.examples.PasswordProcessTest@5276e6b0]" started-at="2024-06-17T10:46:13 EEST" name="testPasswordStrength" data-provider="providePwds" finished-at="2024-06-17T10:46:13 EEST" duration-ms="6" status="FAIL">
          <params>
            <param index="0">
              <value>
                <![CDATA[sharik]]>
              </value>
            </param>
          </params>
          <exception class="java.lang.AssertionError">
            <message>
              <![CDATA[expected [true] but found [false]]]>
            </message>
            <full-stacktrace>
              <![CDATA[java.lang.AssertionError: expected [true] but found [false]
at org.testng.Assert.fail(Assert.java:111)
at org.testng.Assert.failNotEquals(Assert.java:1578)
at org.testng.Assert.assertTrue(Assert.java:57)
at org.testng.Assert.assertTrue(Assert.java:67)
at student.examples.PasswordProcessTest.testPasswordStrength(PasswordProcessTest.java:54)
at java.base/jdk.internal.reflect.DirectMethodHandleAccessor.invoke(DirectMethodHandleAccessor.java:103)
at java.base/java.lang.reflect.Method.invoke(Method.java:580)
at org.testng.internal.invokers.MethodInvocationHelper.invokeMethod(MethodInvocationHelper.java:139)
at org.testng.internal.invokers.TestInvoker.invokeMethod(TestInvoker.java:664)
at org.testng.internal.invokers.TestInvoker.invokeTestMethod(TestInvoker.java:228)
at org.testng.internal.invokers.MethodRunner.runInSequence(MethodRunner.java:63)
at org.testng.internal.invokers.TestInvoker$MethodInvocationAgent.invoke(TestInvoker.java:961)
at org.testng.internal.invokers.TestInvoker.invokeTestMethods(TestInvoker.java:201)
at org.testng.internal.invokers.TestMethodWorker.invokeTestMethods(TestMethodWorker.java:148)
at org.testng.internal.invokers.TestMethodWorker.run(TestMethodWorker.java:128)
at java.base/java.util.ArrayList.forEach(ArrayList.java:1596)
at org.testng.TestRunner.privateRun(TestRunner.java:819)
at org.testng.TestRunner.run(TestRunner.java:619)
at org.testng.SuiteRunner.runTest(SuiteRunner.java:443)
at org.testng.SuiteRunner.runSequentially(SuiteRunner.java:437)
at org.testng.SuiteRunner.privateRun(SuiteRunner.java:397)
at org.testng.SuiteRunner.run(SuiteRunner.java:336)
at org.testng.SuiteRunnerWorker.runSuite(SuiteRunnerWorker.java:52)
at org.testng.SuiteRunnerWorker.run(SuiteRunnerWorker.java:95)
at org.testng.TestNG.runSuitesSequentially(TestNG.java:1301)
at org.testng.TestNG.runSuitesLocally(TestNG.java:1228)
at org.testng.TestNG.runSuites(TestNG.java:1134)
at org.testng.TestNG.run(TestNG.java:1101)
at org.apache.maven.surefire.testng.TestNGExecutor.run(TestNGExecutor.java:155)
at org.apache.maven.surefire.testng.TestNGDirectoryTestSuite.executeSingleClass(TestNGDirectoryTestSuite.java:102)
at org.apache.maven.surefire.testng.TestNGDirectoryTestSuite.execute(TestNGDirectoryTestSuite.java:91)
at org.apache.maven.surefire.testng.TestNGProvider.invoke(TestNGProvider.java:137)
at org.apache.maven.surefire.booter.ForkedBooter.runSuitesInProcess(ForkedBooter.java:385)
at org.apache.maven.surefire.booter.ForkedBooter.execute(ForkedBooter.java:162)
at org.apache.maven.surefire.booter.ForkedBooter.run(ForkedBooter.java:507)
at org.apache.maven.surefire.booter.ForkedBooter.main(ForkedBooter.java:495)
]]>
            </full-stacktrace>
          </exception> <!-- java.lang.AssertionError -->
          <reporter-output>
          </reporter-output>
        </test-method> <!-- testPasswordStrength -->
        <test-method is-config="true" signature="createReports(org.testng.ITestContext)[pri:0, instance:student.examples.PasswordProcessTest@5276e6b0]" started-at="2024-06-17T10:46:13 EEST" name="createReports" finished-at="2024-06-17T10:46:13 EEST" duration-ms="2" status="PASS">
          <params>
            <param index="0">
              <value>
                <![CDATA[org.testng.TestRunner@61edc883]]>
              </value>
            </param>
          </params>
          <reporter-output>
          </reporter-output>
        </test-method> <!-- createReports -->
      </class> <!-- student.examples.PasswordProcessTest -->
    </test> <!-- Surefire test -->
  </suite> <!-- Surefire suite -->
</testng-results>
